{
  "stats": {
    "suites": 1,
    "tests": 1,
    "passes": 1,
    "pending": 0,
    "failures": 0,
    "start": "2024-05-31T03:39:50.326Z",
    "end": "2024-05-31T03:40:18.524Z",
    "duration": 28198,
    "testsRegistered": 1,
    "passPercent": 100,
    "pendingPercent": 0,
    "other": 0,
    "hasOther": false,
    "skipped": 0,
    "hasSkipped": false
  },
  "results": [
    {
      "uuid": "c86af980-0157-46ce-a9e8-6cd6a6a93a35",
      "title": "",
      "fullFile": "/Users/user/seleniumWebdriver/webngoai/test9.js",
      "file": "/webngoai/test9.js",
      "beforeHooks": [],
      "afterHooks": [],
      "tests": [],
      "suites": [
        {
          "uuid": "a6edfdcc-7a9e-4538-96a5-00cb5ab98de1",
          "title": "Bộ 1",
          "fullFile": "/Users/user/seleniumWebdriver/webngoai/test9.js",
          "file": "/webngoai/test9.js",
          "beforeHooks": [
            {
              "title": "\"before each\" hook in \"Bộ 1\"",
              "fullTitle": "Bộ 1 \"before each\" hook in \"Bộ 1\"",
              "timedOut": null,
              "duration": 15444,
              "state": null,
              "speed": null,
              "pass": false,
              "fail": false,
              "pending": null,
              "context": null,
              "code": "driver = await new Builder().forBrowser(Browser.CHROME).build();\nawait driver.get(\n  \"https://techydevs.com/demos/themes/html/listhub-demo/listhub/index.html\"\n);",
              "err": {},
              "uuid": "8a8c9d2c-ee03-44f9-a71d-c34151729ef2",
              "parentUUID": null,
              "isHook": true,
              "skipped": false
            }
          ],
          "afterHooks": [
            {
              "title": "\"after each\" hook in \"Bộ 1\"",
              "fullTitle": "Bộ 1 \"after each\" hook in \"Bộ 1\"",
              "timedOut": null,
              "duration": 54,
              "state": null,
              "speed": null,
              "pass": false,
              "fail": false,
              "pending": null,
              "context": null,
              "code": "await driver.quit();",
              "err": {},
              "uuid": "578f9667-236f-4a2c-973a-7a9a69c0087b",
              "parentUUID": null,
              "isHook": true,
              "skipped": false
            }
          ],
          "tests": [
            {
              "title": "test1",
              "fullTitle": "Bộ 1 test1",
              "timedOut": null,
              "duration": 12359,
              "state": "passed",
              "speed": "slow",
              "pass": true,
              "fail": false,
              "pending": false,
              "context": null,
              "code": "try {\n    await driver.sleep(3000)\nawait driver.findElement(By.xpath('/html/body/section[1]/div[3]/div/div/div[2]/div[2]/div/a')).click()\nawait driver.sleep(3000)\nawait driver.findElement(By.xpath('/html/body/section[1]/div[3]/div/div/div[2]/div[2]/div/div/div/input')).sendKeys('Vietnam')\nawait driver.sleep(3000)\nawait driver.findElement(By.xpath('/html/body/section[1]/div[3]/div/div/div[2]/div[2]/div/div/ul/li')).click()\nawait driver.sleep(3000)\n} catch (error) {\n  console.error(\"Lỗi ở khối it \", error);\n}",
              "err": {},
              "uuid": "6f4540ef-fc28-47a6-bf80-05d2dc460e43",
              "parentUUID": null,
              "isHook": false,
              "skipped": false
            }
          ],
          "suites": [],
          "passes": [
            "6f4540ef-fc28-47a6-bf80-05d2dc460e43"
          ],
          "failures": [],
          "pending": [],
          "skipped": [],
          "duration": 12359,
          "root": false,
          "rootEmpty": false,
          "_timeout": null
        }
      ],
      "passes": [],
      "failures": [],
      "pending": [],
      "skipped": [],
      "duration": 0,
      "root": true,
      "rootEmpty": true,
      "_timeout": 0
    }
  ],
  "meta": {
    "mocha": {
      "version": "10.4.0"
    },
    "mochawesome": {
      "options": {
        "quiet": false,
        "reportFilename": "mochawesome",
        "saveHtml": true,
        "saveJson": true,
        "consoleReporter": "spec",
        "useInlineDiffs": false,
        "code": true
      },
      "version": "7.1.3"
    },
    "marge": {
      "options": null,
      "version": "6.2.0"
    }
  }
}